TN:
SF:packages\mobile\MobileApp\App.tsx
FN:4,App
FNF:1
FNH:0
FNDA:0,App
DA:5,0
DA:13,0
LF:2
LH:0
BRF:0
BRH:0
end_of_record
TN:
SF:packages\mobile\MobileApp\index.ts
FNF:0
FNH:0
DA:8,0
LF:1
LH:0
BRF:0
BRH:0
end_of_record
TN:
SF:packages\shared\src\App.tsx
FN:5,(anonymous_0)
FNF:1
FNH:1
FNDA:2,(anonymous_0)
DA:5,1
DA:6,2
DA:13,1
LF:3
LH:3
BRF:0
BRH:0
end_of_record
TN:
SF:packages\shared\src\index.ts
FNF:0
FNH:0
DA:29,0
LF:1
LH:0
BRF:0
BRH:0
end_of_record
TN:
SF:packages\shared\src\main.tsx
FN:7,(anonymous_0)
FNF:1
FNH:0
FNDA:0,(anonymous_0)
DA:7,0
DA:10,0
DA:11,0
DA:12,0
DA:16,0
DA:19,0
LF:6
LH:0
BRDA:11,0,0,0
BRDA:11,0,1,0
BRF:2
BRH:0
end_of_record
TN:
SF:packages\shared\src\components\common\Footer.tsx
FN:5,(anonymous_0)
FNF:1
FNH:0
FNDA:0,(anonymous_0)
DA:5,0
DA:6,0
DA:8,0
DA:26,0
LF:4
LH:0
BRDA:83,0,0,0
BRDA:83,0,1,0
BRDA:95,1,0,0
BRDA:95,1,1,0
BRF:4
BRH:0
end_of_record
TN:
SF:packages\shared\src\components\common\HtmlMarkdownRenderer.tsx
FN:12,(anonymous_0)
FN:24,(anonymous_1)
FN:120,(anonymous_2)
FNF:3
FNH:0
FNDA:0,(anonymous_0)
FNDA:0,(anonymous_1)
FNDA:0,(anonymous_2)
DA:12,1
DA:18,0
DA:24,0
DA:25,0
DA:29,0
DA:104,0
DA:110,0
DA:121,0
DA:122,0
DA:124,0
DA:125,0
DA:126,0
DA:129,0
DA:141,1
LF:14
LH:2
BRDA:15,0,0,0
BRDA:104,1,0,0
BRDA:104,1,1,0
BRDA:121,2,0,0
BRDA:121,2,1,0
BRDA:121,3,0,0
BRDA:121,3,1,0
BRDA:121,3,2,0
BRDA:124,4,0,0
BRDA:124,4,1,0
BRDA:125,5,0,0
BRDA:125,5,1,0
BRF:12
BRH:0
end_of_record
TN:
SF:packages\shared\src\components\common\ImprovedMarkdownRenderer.tsx
FN:10,(anonymous_0)
FN:14,(anonymous_1)
FN:18,(anonymous_2)
FN:19,(anonymous_3)
FN:132,(anonymous_4)
FN:133,(anonymous_5)
FN:137,(anonymous_6)
FN:378,(anonymous_7)
FN:381,(anonymous_8)
FN:389,(anonymous_9)
FN:438,(anonymous_10)
FNF:11
FNH:0
FNDA:0,(anonymous_0)
FNDA:0,(anonymous_1)
FNDA:0,(anonymous_2)
FNDA:0,(anonymous_3)
FNDA:0,(anonymous_4)
FNDA:0,(anonymous_5)
FNDA:0,(anonymous_6)
FNDA:0,(anonymous_7)
FNDA:0,(anonymous_8)
FNDA:0,(anonymous_9)
FNDA:0,(anonymous_10)
DA:10,0
DA:11,0
DA:14,0
DA:15,0
DA:18,0
DA:19,0
DA:20,0
DA:21,0
DA:22,0
DA:24,0
DA:25,0
DA:26,0
DA:28,0
DA:32,0
DA:33,0
DA:37,0
DA:38,0
DA:42,0
DA:132,0
DA:133,0
DA:134,0
DA:135,0
DA:137,0
DA:138,0
DA:141,0
DA:142,0
DA:147,0
DA:148,0
DA:153,0
DA:154,0
DA:161,0
DA:162,0
DA:171,0
DA:172,0
DA:182,0
DA:183,0
DA:192,0
DA:193,0
DA:198,0
DA:199,0
DA:207,0
DA:210,0
DA:218,0
DA:376,0
DA:379,0
DA:381,0
DA:390,0
DA:400,0
DA:419,0
DA:420,0
DA:431,0
DA:432,0
DA:439,0
DA:440,0
DA:449,0
DA:450,0
DA:462,0
LF:57
LH:0
BRDA:21,0,0,0
BRDA:21,0,1,0
BRDA:25,1,0,0
BRDA:25,1,1,0
BRDA:141,2,0,0
BRDA:141,2,1,0
BRDA:147,3,0,0
BRDA:147,3,1,0
BRDA:153,4,0,0
BRDA:153,4,1,0
BRDA:161,5,0,0
BRDA:161,5,1,0
BRDA:165,6,0,0
BRDA:165,6,1,0
BRDA:171,7,0,0
BRDA:171,7,1,0
BRDA:171,8,0,0
BRDA:171,8,1,0
BRDA:182,9,0,0
BRDA:182,9,1,0
BRDA:192,10,0,0
BRDA:192,10,1,0
BRDA:198,11,0,0
BRDA:198,11,1,0
BRDA:345,12,0,0
BRDA:345,12,1,0
BRDA:393,13,0,0
BRDA:393,13,1,0
BRDA:419,14,0,0
BRDA:419,14,1,0
BRF:30
BRH:0
end_of_record
TN:
SF:packages\shared\src\components\common\MarkdownRenderer.tsx
FN:9,(anonymous_0)
FN:10,(anonymous_1)
FN:16,(anonymous_2)
FN:111,(anonymous_3)
FN:117,(anonymous_4)
FN:122,(anonymous_5)
FN:127,(anonymous_6)
FN:132,(anonymous_7)
FNF:8
FNH:0
FNDA:0,(anonymous_0)
FNDA:0,(anonymous_1)
FNDA:0,(anonymous_2)
FNDA:0,(anonymous_3)
FNDA:0,(anonymous_4)
FNDA:0,(anonymous_5)
FNDA:0,(anonymous_6)
FNDA:0,(anonymous_7)
DA:9,1
DA:10,0
DA:12,0
DA:13,0
DA:14,0
DA:16,0
DA:17,0
DA:20,0
DA:21,0
DA:26,0
DA:27,0
DA:32,0
DA:33,0
DA:38,0
DA:39,0
DA:46,0
DA:47,0
DA:56,0
DA:57,0
DA:67,0
DA:68,0
DA:69,0
DA:70,0
DA:81,0
DA:82,0
DA:91,0
DA:92,0
DA:97,0
DA:99,0
DA:100,0
DA:108,0
DA:111,0
DA:114,0
DA:117,0
DA:118,0
DA:122,0
DA:123,0
DA:127,0
DA:128,0
DA:132,0
DA:133,0
DA:136,0
DA:139,0
DA:148,1
LF:44
LH:2
BRDA:20,0,0,0
BRDA:20,0,1,0
BRDA:26,1,0,0
BRDA:26,1,1,0
BRDA:32,2,0,0
BRDA:32,2,1,0
BRDA:38,3,0,0
BRDA:38,3,1,0
BRDA:46,4,0,0
BRDA:46,4,1,0
BRDA:50,5,0,0
BRDA:50,5,1,0
BRDA:56,6,0,0
BRDA:56,6,1,0
BRDA:56,7,0,0
BRDA:56,7,1,0
BRDA:67,8,0,0
BRDA:67,8,1,0
BRDA:69,9,0,0
BRDA:69,9,1,0
BRDA:81,10,0,0
BRDA:81,10,1,0
BRDA:91,11,0,0
BRDA:91,11,1,0
BRDA:97,12,0,0
BRDA:97,12,1,0
BRF:26
BRH:0
end_of_record
TN:
SF:packages\shared\src\components\common\SecureMarkdownRenderer.tsx
FN:17,(anonymous_0)
FN:21,(anonymous_1)
FN:25,(anonymous_2)
FN:41,(anonymous_3)
FN:68,(anonymous_4)
FN:69,(anonymous_5)
FN:94,(anonymous_6)
FNF:7
FNH:0
FNDA:0,(anonymous_0)
FNDA:0,(anonymous_1)
FNDA:0,(anonymous_2)
FNDA:0,(anonymous_3)
FNDA:0,(anonymous_4)
FNDA:0,(anonymous_5)
FNDA:0,(anonymous_6)
DA:17,0
DA:21,0
DA:22,0
DA:23,0
DA:25,0
DA:26,0
DA:28,0
DA:33,0
DA:35,0
DA:39,0
DA:41,0
DA:42,0
DA:47,0
DA:49,0
DA:53,0
DA:56,0
DA:57,0
DA:65,0
DA:68,0
DA:69,0
DA:70,0
DA:72,0
DA:86,0
DA:92,0
DA:95,0
DA:102,0
DA:108,0
DA:117,0
DA:119,0
DA:122,0
LF:30
LH:0
BRDA:26,0,0,0
BRDA:26,0,1,0
BRDA:26,0,2,0
BRDA:26,0,3,0
BRDA:26,0,4,0
BRDA:56,1,0,0
BRDA:56,1,1,0
BRDA:70,2,0,0
BRDA:70,2,1,0
BRDA:70,2,2,0
BRDA:70,2,3,0
BRDA:70,2,4,0
BRDA:77,3,0,0
BRDA:77,3,1,0
BRDA:78,4,0,0
BRDA:78,4,1,0
BRDA:79,5,0,0
BRDA:79,5,1,0
BRDA:168,6,0,0
BRDA:168,6,1,0
BRF:20
BRH:0
end_of_record
TN:
SF:packages\shared\src\components\navigation\Navigation.tsx
FN:8,(anonymous_0)
FN:11,(anonymous_1)
FNF:2
FNH:2
FNDA:2,(anonymous_0)
FNDA:2,(anonymous_1)
DA:8,1
DA:9,2
DA:11,2
DA:12,2
DA:14,2
DA:16,0
DA:18,0
DA:20,0
DA:24,2
DA:34,1
LF:10
LH:7
BRDA:12,0,0,2
BRDA:12,0,1,0
BRDA:12,0,2,0
BRDA:12,0,3,0
BRF:4
BRH:1
end_of_record
TN:
SF:packages\shared\src\components\navigation\TabBar.tsx
FN:9,(anonymous_0)
FN:18,(anonymous_1)
FN:25,(anonymous_2)
FNF:3
FNH:2
FNDA:2,(anonymous_0)
FNDA:6,(anonymous_1)
FNDA:0,(anonymous_2)
DA:9,1
DA:10,2
DA:16,2
DA:19,6
DA:25,0
DA:41,1
LF:6
LH:5
BRDA:23,0,0,6
BRDA:23,0,1,2
BRDA:30,1,0,6
BRDA:30,1,1,2
BRF:4
BRH:4
end_of_record
TN:
SF:packages\shared\src\components\screens\DocumentationBrowserScreen.tsx
FN:20,(anonymous_0)
FN:27,(anonymous_1)
FN:31,(anonymous_2)
FN:48,(anonymous_3)
FN:53,(anonymous_4)
FN:61,(anonymous_5)
FN:65,(anonymous_6)
FN:69,(anonymous_7)
FN:76,(anonymous_8)
FN:89,(anonymous_9)
FN:92,(anonymous_10)
FN:119,(anonymous_11)
FN:134,(anonymous_12)
FN:176,(anonymous_13)
FN:181,(anonymous_14)
FNF:15
FNH:0
FNDA:0,(anonymous_0)
FNDA:0,(anonymous_1)
FNDA:0,(anonymous_2)
FNDA:0,(anonymous_3)
FNDA:0,(anonymous_4)
FNDA:0,(anonymous_5)
FNDA:0,(anonymous_6)
FNDA:0,(anonymous_7)
FNDA:0,(anonymous_8)
FNDA:0,(anonymous_9)
FNDA:0,(anonymous_10)
FNDA:0,(anonymous_11)
FNDA:0,(anonymous_12)
FNDA:0,(anonymous_13)
FNDA:0,(anonymous_14)
DA:20,1
DA:21,0
DA:22,0
DA:23,0
DA:24,0
DA:25,0
DA:27,0
DA:28,0
DA:31,0
DA:32,0
DA:33,0
DA:34,0
DA:35,0
DA:36,0
DA:38,0
DA:39,0
DA:40,0
DA:41,0
DA:44,0
DA:48,0
DA:49,0
DA:50,0
DA:52,0
DA:53,0
DA:54,0
DA:57,0
DA:61,0
DA:62,0
DA:65,0
DA:66,0
DA:69,0
DA:70,0
DA:71,0
DA:72,0
DA:73,0
DA:76,0
DA:77,0
DA:78,0
DA:79,0
DA:85,0
DA:89,0
DA:90,0
DA:92,0
DA:119,0
DA:120,0
DA:134,0
DA:135,0
DA:145,0
DA:146,0
DA:154,0
DA:155,0
DA:158,0
DA:176,0
DA:181,0
DA:193,1
LF:55
LH:2
BRDA:38,0,0,0
BRDA:38,0,1,0
BRDA:40,1,0,0
BRDA:40,1,1,0
BRDA:49,2,0,0
BRDA:49,2,1,0
BRDA:54,3,0,0
BRDA:54,3,1,0
BRDA:70,4,0,0
BRDA:70,4,1,0
BRDA:71,5,0,0
BRDA:71,5,1,0
BRDA:72,6,0,0
BRDA:72,6,1,0
BRDA:77,7,0,0
BRDA:77,7,1,0
BRDA:123,8,0,0
BRDA:123,8,1,0
BRDA:126,9,0,0
BRDA:126,9,1,0
BRDA:145,10,0,0
BRDA:145,10,1,0
BRDA:154,11,0,0
BRDA:154,11,1,0
BRDA:186,12,0,0
BRDA:186,12,1,0
BRF:26
BRH:0
end_of_record
TN:
SF:packages\shared\src\components\screens\DocumentationReaderScreen.tsx
FN:23,(anonymous_0)
FN:30,(anonymous_1)
FN:47,(anonymous_2)
FN:51,(anonymous_3)
FN:62,(anonymous_4)
FN:69,(anonymous_5)
FN:110,(anonymous_6)
FN:143,(anonymous_7)
FNF:8
FNH:0
FNDA:0,(anonymous_0)
FNDA:0,(anonymous_1)
FNDA:0,(anonymous_2)
FNDA:0,(anonymous_3)
FNDA:0,(anonymous_4)
FNDA:0,(anonymous_5)
FNDA:0,(anonymous_6)
FNDA:0,(anonymous_7)
DA:23,1
DA:24,0
DA:25,0
DA:26,0
DA:27,0
DA:28,0
DA:30,0
DA:31,0
DA:32,0
DA:33,0
DA:34,0
DA:35,0
DA:37,0
DA:38,0
DA:39,0
DA:40,0
DA:43,0
DA:47,0
DA:48,0
DA:51,0
DA:52,0
DA:62,0
DA:63,0
DA:69,0
DA:70,0
DA:73,0
DA:74,0
DA:75,0
DA:83,0
DA:91,0
DA:93,0
DA:94,0
DA:95,0
DA:103,0
DA:111,0
DA:121,0
DA:143,0
DA:161,1
LF:38
LH:2
BRDA:37,0,0,0
BRDA:37,0,1,0
BRDA:39,1,0,0
BRDA:39,1,1,0
BRDA:70,2,0,0
BRDA:70,2,1,0
BRDA:74,3,0,0
BRDA:74,3,1,0
BRDA:93,4,0,0
BRDA:93,4,1,0
BRDA:147,5,0,0
BRDA:147,5,1,0
BRDA:153,6,0,0
BRDA:153,6,1,0
BRDA:154,7,0,0
BRDA:154,7,1,0
BRDA:155,8,0,0
BRDA:155,8,1,0
BRDA:155,8,2,0
BRF:19
BRH:0
end_of_record
TN:
SF:packages\shared\src\components\screens\DocumentationReaderScreenEnhanced.tsx
FN:26,(anonymous_0)
FN:33,(anonymous_1)
FN:37,(anonymous_2)
FN:54,(anonymous_3)
FN:65,(anonymous_4)
FN:72,(anonymous_5)
FN:77,(anonymous_6)
FN:85,(anonymous_7)
FN:93,(anonymous_8)
FN:102,(anonymous_9)
FNF:10
FNH:0
FNDA:0,(anonymous_0)
FNDA:0,(anonymous_1)
FNDA:0,(anonymous_2)
FNDA:0,(anonymous_3)
FNDA:0,(anonymous_4)
FNDA:0,(anonymous_5)
FNDA:0,(anonymous_6)
FNDA:0,(anonymous_7)
FNDA:0,(anonymous_8)
FNDA:0,(anonymous_9)
DA:26,0
DA:27,0
DA:28,0
DA:29,0
DA:30,0
DA:31,0
DA:33,0
DA:34,0
DA:37,0
DA:38,0
DA:39,0
DA:40,0
DA:41,0
DA:42,0
DA:44,0
DA:45,0
DA:46,0
DA:47,0
DA:50,0
DA:54,0
DA:55,0
DA:65,0
DA:66,0
DA:72,0
DA:73,0
DA:77,0
DA:85,0
DA:93,0
DA:102,0
DA:103,0
DA:105,0
DA:107,0
DA:114,0
DA:121,0
DA:129,0
DA:133,0
DA:165,0
LF:37
LH:0
BRDA:44,0,0,0
BRDA:44,0,1,0
BRDA:46,1,0,0
BRDA:46,1,1,0
BRDA:76,2,0,0
BRDA:76,2,1,0
BRDA:79,3,0,0
BRDA:79,3,1,0
BRDA:84,4,0,0
BRDA:84,4,1,0
BRDA:87,5,0,0
BRDA:87,5,1,0
BRDA:92,6,0,0
BRDA:92,6,1,0
BRDA:95,7,0,0
BRDA:95,7,1,0
BRDA:103,8,0,0
BRDA:103,8,1,0
BRDA:105,9,0,0
BRDA:105,9,1,0
BRDA:105,9,2,0
BRDA:105,9,3,0
BRDA:154,10,0,0
BRDA:154,10,1,0
BRDA:154,10,2,0
BRDA:157,11,0,0
BRDA:157,11,1,0
BRDA:158,12,0,0
BRDA:158,12,1,0
BRDA:159,13,0,0
BRDA:159,13,1,0
BRDA:159,13,2,0
BRF:32
BRH:0
end_of_record
TN:
SF:packages\shared\src\components\screens\DocumentationScreen.tsx
FN:7,(anonymous_0)
FN:10,(anonymous_1)
FN:14,(anonymous_2)
FNF:3
FNH:0
FNDA:0,(anonymous_0)
FNDA:0,(anonymous_1)
FNDA:0,(anonymous_2)
DA:7,1
DA:8,0
DA:10,0
DA:11,0
DA:14,0
DA:15,0
DA:18,0
DA:34,1
LF:8
LH:2
BRDA:20,0,0,0
BRDA:20,0,1,0
BRF:2
BRH:0
end_of_record
TN:
SF:packages\shared\src\components\screens\JokesScreen.tsx
FN:15,(anonymous_0)
FN:20,(anonymous_1)
FN:42,(anonymous_2)
FN:63,(anonymous_3)
FN:67,(anonymous_4)
FNF:5
FNH:0
FNDA:0,(anonymous_0)
FNDA:0,(anonymous_1)
FNDA:0,(anonymous_2)
FNDA:0,(anonymous_3)
FNDA:0,(anonymous_4)
DA:15,1
DA:16,0
DA:17,0
DA:18,0
DA:20,0
DA:21,0
DA:22,0
DA:24,0
DA:25,0
DA:26,0
DA:28,0
DA:29,0
DA:32,0
DA:33,0
DA:35,0
DA:38,0
DA:42,0
DA:43,0
DA:44,0
DA:46,0
DA:47,0
DA:48,0
DA:50,0
DA:51,0
DA:53,0
DA:54,0
DA:56,0
DA:59,0
DA:63,0
DA:64,0
DA:67,0
DA:68,0
DA:70,0
DA:71,0
DA:75,0
DA:84,0
DA:155,1
LF:37
LH:2
BRDA:28,0,0,0
BRDA:28,0,1,0
BRDA:32,1,0,0
BRDA:32,1,1,0
BRDA:50,2,0,0
BRDA:50,2,1,0
BRDA:53,3,0,0
BRDA:53,3,1,0
BRDA:68,4,0,0
BRDA:68,4,1,0
BRDA:70,5,0,0
BRDA:70,5,1,0
BRDA:98,6,0,0
BRDA:98,6,1,0
BRDA:108,7,0,0
BRDA:108,7,1,0
BRDA:114,8,0,0
BRDA:114,8,1,0
BRDA:121,9,0,0
BRDA:121,9,1,0
BRDA:130,10,0,0
BRDA:130,10,1,0
BRDA:130,10,2,0
BRDA:130,10,3,0
BRDA:137,11,0,0
BRDA:137,11,1,0
BRF:26
BRH:0
end_of_record
TN:
SF:packages\shared\src\components\screens\WelcomeScreen.tsx
FN:5,(anonymous_0)
FN:8,(anonymous_1)
FN:66,(anonymous_2)
FN:73,(anonymous_3)
FN:80,(anonymous_4)
FN:87,(anonymous_5)
FNF:6
FNH:1
FNDA:2,(anonymous_0)
FNDA:0,(anonymous_1)
FNDA:0,(anonymous_2)
FNDA:0,(anonymous_3)
FNDA:0,(anonymous_4)
FNDA:0,(anonymous_5)
DA:5,1
DA:6,2
DA:8,2
DA:9,0
DA:10,0
DA:12,0
DA:13,0
DA:14,0
DA:19,2
DA:66,0
DA:73,0
DA:80,0
DA:87,0
DA:145,1
LF:14
LH:5
BRDA:9,0,0,0
BRDA:9,0,1,0
BRDA:13,1,0,0
BRDA:13,1,1,0
BRDA:99,2,0,2
BRDA:99,2,1,2
BRDA:103,3,0,2
BRDA:103,3,1,0
BRDA:118,4,0,2
BRDA:118,4,1,2
BRDA:135,5,0,2
BRDA:135,5,1,2
BRF:12
BRH:7
end_of_record
TN:
SF:packages\shared\src\services\buildInfoService.ts
FN:26,(anonymous_0)
FN:30,(anonymous_1)
FN:34,(anonymous_2)
FN:38,(anonymous_3)
FN:42,(anonymous_4)
FNF:5
FNH:1
FNDA:2,(anonymous_0)
FNDA:0,(anonymous_1)
FNDA:0,(anonymous_2)
FNDA:0,(anonymous_3)
FNDA:0,(anonymous_4)
DA:27,2
DA:31,0
DA:35,0
DA:39,0
DA:44,0
DA:45,0
LF:6
LH:1
BRDA:44,0,0,0
BRDA:44,0,1,0
BRF:2
BRH:0
end_of_record
TN:
SF:packages\shared\src\services\documentationService.ts
FN:77,(anonymous_0)
FN:80,(anonymous_1)
FN:81,(anonymous_2)
FN:87,(anonymous_3)
FN:90,(anonymous_4)
FN:93,(anonymous_5)
FN:95,(anonymous_6)
FN:133,(anonymous_7)
FN:136,(anonymous_8)
FN:139,(anonymous_9)
FN:144,(anonymous_10)
FNF:11
FNH:0
FNDA:0,(anonymous_0)
FNDA:0,(anonymous_1)
FNDA:0,(anonymous_2)
FNDA:0,(anonymous_3)
FNDA:0,(anonymous_4)
FNDA:0,(anonymous_5)
FNDA:0,(anonymous_6)
FNDA:0,(anonymous_7)
FNDA:0,(anonymous_8)
FNDA:0,(anonymous_9)
FNDA:0,(anonymous_10)
DA:7,0
DA:80,0
DA:81,0
DA:82,0
DA:90,0
DA:91,0
DA:93,0
DA:95,0
DA:96,0
DA:97,0
DA:102,0
DA:104,0
DA:105,0
DA:106,0
DA:107,0
DA:109,0
DA:113,0
DA:117,0
DA:120,0
DA:127,0
DA:128,0
DA:136,0
DA:140,0
DA:141,0
DA:143,0
DA:145,0
LF:26
LH:0
BRDA:96,0,0,0
BRDA:96,0,1,0
BRDA:106,1,0,0
BRDA:106,1,1,0
BRDA:141,2,0,0
BRDA:141,2,1,0
BRDA:145,3,0,0
BRDA:145,3,1,0
BRDA:145,3,2,0
BRF:9
BRH:0
end_of_record
TN:
SF:packages\shared\src\services\jokeApi.ts
FN:6,(anonymous_0)
FN:29,(anonymous_1)
FN:34,(anonymous_2)
FN:48,(anonymous_3)
FN:52,(anonymous_4)
FNF:5
FNH:0
FNDA:0,(anonymous_0)
FNDA:0,(anonymous_1)
FNDA:0,(anonymous_2)
FNDA:0,(anonymous_3)
FNDA:0,(anonymous_4)
DA:3,1
DA:7,0
DA:8,0
DA:10,0
DA:11,0
DA:14,0
DA:17,0
DA:18,0
DA:19,0
DA:22,0
DA:24,0
DA:25,0
DA:30,0
DA:31,0
DA:35,0
DA:43,0
DA:44,0
DA:45,0
DA:49,0
DA:53,0
DA:54,0
LF:21
LH:1
BRDA:10,0,0,0
BRDA:10,0,1,0
BRDA:17,1,0,0
BRDA:17,1,1,0
BRDA:17,2,0,0
BRDA:17,2,1,0
BRDA:18,3,0,0
BRDA:18,3,1,0
BRDA:18,4,0,0
BRDA:18,4,1,0
BRDA:43,5,0,0
BRDA:43,5,1,0
BRF:12
BRH:0
end_of_record
TN:
SF:packages\shared\src\types\api.ts
FNF:0
FNH:0
LF:0
LH:0
BRF:0
BRH:0
end_of_record
TN:
SF:packages\shared\src\types\documentation.ts
FNF:0
FNH:0
LF:0
LH:0
BRF:0
BRH:0
end_of_record
TN:
SF:packages\web\vite.config.ts
FNF:0
FNH:0
LF:0
LH:0
BRDA:7,0,0,0
BRDA:7,0,1,0
BRF:2
BRH:0
end_of_record
TN:
SF:packages\web\src\main.tsx
FNF:0
FNH:0
DA:6,0
DA:8,0
LF:2
LH:0
BRF:0
BRH:0
end_of_record
TN:
SF:src\main.tsx
FN:8,(anonymous_0)
FNF:1
FNH:0
FNDA:0,(anonymous_0)
DA:8,0
DA:11,0
DA:12,0
DA:13,0
DA:17,0
DA:20,0
LF:6
LH:0
BRDA:12,0,0,0
BRDA:12,0,1,0
BRF:2
BRH:0
end_of_record
